<?xml version="1.0" encoding="UTF-8"?>
<!-- Generated by org.testng.reporters.JUnitReportReporter -->
<testsuite hostname="DESKTOP-8JJHTH4" failures="0" tests="5" name="testngpractice.testngpracticegit.LoginTest1" time="30.914" errors="0" timestamp="2024-09-13T21:20:02 IST" skipped="0">
  <testcase classname="testngpractice.testngpracticegit.LoginTest1" name="loginTest" time="6.434"/>
  <testcase classname="testngpractice.testngpracticegit.LoginTest1" name="loginTest" time="5.995"/>
  <testcase classname="testngpractice.testngpracticegit.LoginTest1" name="loginTest" time="6.108"/>
  <testcase classname="testngpractice.testngpracticegit.LoginTest1" name="loginTest" time="6.539"/>
  <testcase classname="testngpractice.testngpracticegit.LoginTest1" name="loginTest" time="5.838"/>
</testsuite> <!-- testngpractice.testngpracticegit.LoginTest1 -->
