<?xml version="1.0" encoding="UTF-8"?>
<!-- Generated by org.testng.reporters.JUnitReportReporter -->
<testsuite hostname="DESKTOP-8JJHTH4" failures="0" tests="7" name="testngpractice.testngpracticegit.LoginTest" time="30.922" errors="0" timestamp="2024-09-13T21:39:47 IST" skipped="0">
  <testcase classname="testngpractice.testngpracticegit.LoginTest" name="loginTest" time="3.739"/>
  <testcase classname="testngpractice.testngpracticegit.LoginTest" name="loginTest" time="4.222"/>
  <testcase classname="testngpractice.testngpracticegit.LoginTest" name="loginTest" time="3.652"/>
  <testcase classname="testngpractice.testngpracticegit.LoginTest" name="loginTest" time="4.070"/>
  <testcase classname="testngpractice.testngpracticegit.LoginTest" name="loginTest" time="7.053"/>
  <testcase classname="testngpractice.testngpracticegit.LoginTest" name="loginTest" time="3.748"/>
  <testcase classname="testngpractice.testngpracticegit.LoginTest" name="loginTest" time="4.438"/>
</testsuite> <!-- testngpractice.testngpracticegit.LoginTest -->
